3/6/2018 2:56:11 PM, k11 start!
3/6/2018 2:56:11 PM, start fbpagename:blesscuit  fbsiteid:163
3/6/2018 2:56:12 PM, 递归次数dg=3
3/6/2018 2:56:12 PM, 递归次数dg=3
3/6/2018 2:56:12 PM, 递归次数dg=3
3/6/2018 2:56:13 PM, 递归次数dg=3
3/6/2018 2:56:13 PM, 递归次数dg=3
3/6/2018 2:56:13 PM, 递归次数dg=3
3/6/2018 2:56:13 PM, 递归次数dg=3
3/6/2018 2:56:14 PM, 递归次数dg=3
3/6/2018 2:56:14 PM, 递归次数dg=3
3/6/2018 2:56:14 PM, 递归次数dg=3
3/6/2018 2:56:14 PM, 递归次数dg=3
3/6/2018 2:56:14 PM, 递归次数dg=3
3/6/2018 2:56:15 PM, 递归次数dg=3
3/6/2018 2:56:15 PM, 递归次数dg=3
3/6/2018 2:56:15 PM, 递归次数dg=3
3/6/2018 2:56:16 PM, 递归次数dg=3
3/6/2018 2:56:16 PM, 递归次数dg=3
3/6/2018 2:56:16 PM, 递归次数dg=3
3/6/2018 2:56:16 PM, 递归次数dg=3
3/6/2018 2:56:17 PM, 递归次数dg=3
3/6/2018 2:56:17 PM, 递归次数dg=3
3/6/2018 2:56:17 PM, 递归次数dg=3
3/6/2018 2:56:18 PM, 递归次数dg=3
3/6/2018 2:56:18 PM, 递归次数dg=3
3/6/2018 2:56:18 PM, 递归次数dg=3
3/6/2018 2:56:18 PM, 递归次数dg=3
3/6/2018 2:56:19 PM, 递归次数dg=3
3/6/2018 2:56:19 PM, 递归次数dg=3
3/6/2018 2:56:19 PM, 递归次数dg=3
3/6/2018 2:56:19 PM, 递归次数dg=3
3/6/2018 2:56:20 PM, 递归次数dg=3
3/6/2018 2:56:21 PM, 递归次数dg=3
3/6/2018 2:56:21 PM, 递归次数dg=3
3/6/2018 2:56:21 PM, 递归次数dg=3
3/6/2018 2:56:21 PM, 递归次数dg=3
3/6/2018 2:56:22 PM, 递归次数dg=3
3/6/2018 2:56:22 PM, 递归次数dg=3
3/6/2018 2:56:22 PM, 递归次数dg=3
3/6/2018 2:56:23 PM, 递归次数dg=3
3/6/2018 2:56:23 PM, 递归次数dg=3
3/6/2018 2:56:23 PM, 递归次数dg=3
3/6/2018 2:56:23 PM, 递归次数dg=3
3/6/2018 2:56:24 PM, 递归次数dg=3
3/6/2018 2:56:24 PM, 递归次数dg=3
3/6/2018 2:56:25 PM, 递归次数dg=3
3/6/2018 2:56:25 PM, 递归次数dg=3
3/6/2018 2:56:25 PM, 递归次数dg=3
3/6/2018 2:56:25 PM, 递归次数dg=3
3/6/2018 2:56:26 PM, 递归次数dg=3
3/6/2018 2:56:26 PM, 递归次数dg=3
3/6/2018 2:56:27 PM, 递归次数dg=3
3/6/2018 2:56:27 PM, 递归次数dg=3
3/6/2018 2:56:27 PM, 递归次数dg=3
3/6/2018 2:56:28 PM, 递归次数dg=3
3/6/2018 2:56:29 PM, 递归次数dg=3
3/6/2018 2:56:29 PM, 递归次数dg=3
3/6/2018 2:56:29 PM, 递归次数dg=3
3/6/2018 2:56:29 PM, 递归次数dg=3
3/6/2018 2:56:30 PM, 递归次数dg=3
3/6/2018 2:56:30 PM, 递归次数dg=3
3/6/2018 2:56:30 PM, 递归次数dg=3
3/6/2018 2:56:31 PM, 递归次数dg=3
3/6/2018 2:56:31 PM, 递归次数dg=3
3/6/2018 2:56:31 PM, 递归次数dg=3
3/6/2018 2:56:32 PM, 递归次数dg=3
3/6/2018 2:56:32 PM, 递归次数dg=3
3/6/2018 2:56:32 PM, 递归次数dg=3
3/6/2018 2:56:33 PM, 递归次数dg=3
3/6/2018 2:56:33 PM, 递归次数dg=3
3/6/2018 2:56:33 PM, 递归次数dg=3
3/6/2018 2:56:34 PM, 递归次数dg=3
3/6/2018 2:56:34 PM, 递归次数dg=3
3/6/2018 2:56:34 PM, 递归次数dg=3
3/6/2018 2:57:36 PM, k11 start!
3/6/2018 2:57:36 PM, start fbpagename:crostinihk  fbsiteid:164
3/6/2018 2:57:36 PM, 递归次数dg=3
3/6/2018 2:57:36 PM, 递归次数dg=3
3/6/2018 2:57:37 PM, 递归次数dg=3
3/6/2018 2:57:37 PM, 递归次数dg=3
3/6/2018 2:57:37 PM, 递归次数dg=3
3/6/2018 2:57:38 PM, 递归次数dg=3
3/6/2018 2:57:38 PM, 递归次数dg=3
3/6/2018 2:57:38 PM, 递归次数dg=3
3/6/2018 2:57:38 PM, 递归次数dg=3
3/6/2018 2:57:39 PM, 递归次数dg=3
3/6/2018 2:57:39 PM, 递归次数dg=3
3/6/2018 2:57:39 PM, 递归次数dg=3
3/6/2018 2:57:39 PM, 递归次数dg=3
3/6/2018 2:57:39 PM, 递归次数dg=3
3/6/2018 2:57:40 PM, 递归次数dg=3
3/6/2018 2:57:40 PM, 递归次数dg=3
3/6/2018 2:57:40 PM, 递归次数dg=3
3/6/2018 2:57:40 PM, 递归次数dg=3
3/6/2018 2:57:41 PM, 递归次数dg=3
3/6/2018 2:57:41 PM, 递归次数dg=3
3/6/2018 2:57:41 PM, 递归次数dg=3
3/6/2018 2:57:42 PM, 递归次数dg=3
3/6/2018 2:57:42 PM, 递归次数dg=3
3/6/2018 2:57:42 PM, 递归次数dg=3
3/6/2018 2:57:43 PM, 递归次数dg=3
3/6/2018 2:57:43 PM, 递归次数dg=3
3/6/2018 2:57:44 PM, 递归次数dg=3
3/6/2018 2:57:44 PM, 递归次数dg=3
3/6/2018 2:57:44 PM, 递归次数dg=3
3/6/2018 2:57:45 PM, 递归次数dg=3
3/6/2018 2:57:45 PM, 递归次数dg=3
3/6/2018 2:57:45 PM, 递归次数dg=3
3/6/2018 2:57:46 PM, 递归次数dg=3
3/6/2018 2:57:46 PM, 递归次数dg=3
3/6/2018 2:57:46 PM, 递归次数dg=3
3/6/2018 2:57:46 PM, 递归次数dg=3
3/6/2018 2:57:47 PM, 递归次数dg=3
3/6/2018 2:57:47 PM, 递归次数dg=3
3/6/2018 2:57:48 PM, 递归次数dg=3
3/6/2018 2:57:48 PM, 递归次数dg=3
3/6/2018 2:57:48 PM, 递归次数dg=3
3/6/2018 2:57:48 PM, 递归次数dg=3
3/6/2018 2:57:49 PM, 递归次数dg=3
3/6/2018 2:57:49 PM, 递归次数dg=3
3/6/2018 2:57:49 PM, 递归次数dg=3
3/6/2018 2:57:50 PM, 递归次数dg=3
3/6/2018 2:57:50 PM, 递归次数dg=3
3/6/2018 2:57:50 PM, 递归次数dg=3
3/6/2018 2:57:51 PM, 递归次数dg=3
3/6/2018 2:57:51 PM, 递归次数dg=3
3/6/2018 2:57:52 PM, 递归次数dg=3
3/6/2018 2:57:52 PM, 递归次数dg=3
3/6/2018 2:57:53 PM, 递归次数dg=3
3/6/2018 2:57:53 PM, 递归次数dg=3
3/6/2018 2:57:53 PM, 递归次数dg=3
3/6/2018 2:57:53 PM, 递归次数dg=3
3/6/2018 2:57:54 PM, 递归次数dg=3
3/6/2018 2:57:54 PM, 递归次数dg=3
3/6/2018 2:57:54 PM, 递归次数dg=3
3/6/2018 2:57:55 PM, 递归次数dg=3
3/6/2018 2:57:55 PM, 递归次数dg=3
3/6/2018 2:57:56 PM, 递归次数dg=3
3/6/2018 2:57:56 PM, 递归次数dg=3
3/6/2018 2:57:56 PM, 递归次数dg=3
3/6/2018 2:57:56 PM, 递归次数dg=3
3/6/2018 2:57:57 PM, 递归次数dg=3
3/6/2018 2:57:57 PM, 递归次数dg=3
3/6/2018 2:57:57 PM, 递归次数dg=3
3/6/2018 2:57:58 PM, 递归次数dg=3
3/6/2018 2:57:58 PM, 递归次数dg=3
3/6/2018 2:57:58 PM, 递归次数dg=3
3/6/2018 2:57:59 PM, 递归次数dg=3
3/6/2018 2:57:59 PM, 递归次数dg=3
3/6/2018 2:57:59 PM, 递归次数dg=3
3/6/2018 2:58:00 PM, 递归次数dg=3
3/6/2018 2:58:00 PM, 递归次数dg=3
3/6/2018 2:58:00 PM, 递归次数dg=3
3/6/2018 2:58:00 PM, 递归次数dg=3
3/6/2018 2:58:01 PM, 递归次数dg=3
3/6/2018 2:58:01 PM, 递归次数dg=3
3/6/2018 2:58:01 PM, 递归次数dg=3
3/6/2018 2:58:02 PM, 递归次数dg=3
3/6/2018 2:58:02 PM, 递归次数dg=3
3/6/2018 2:58:02 PM, 递归次数dg=3
3/6/2018 2:58:03 PM, 递归次数dg=3
3/6/2018 2:58:03 PM, 递归次数dg=3
3/6/2018 2:58:03 PM, 递归次数dg=3
3/6/2018 2:58:04 PM, 递归次数dg=3
3/6/2018 2:58:04 PM, 递归次数dg=3
3/6/2018 2:58:04 PM, 递归次数dg=3
3/6/2018 2:58:05 PM, 递归次数dg=3
3/6/2018 2:58:05 PM, 递归次数dg=3
3/6/2018 2:58:06 PM, 递归次数dg=3
3/6/2018 2:58:06 PM, 递归次数dg=3
3/6/2018 2:58:06 PM, 递归次数dg=3
3/6/2018 2:58:06 PM, 递归次数dg=3
3/6/2018 2:58:07 PM, 递归次数dg=3
3/6/2018 2:58:07 PM, 递归次数dg=3
3/6/2018 2:59:09 PM, k11 start!
3/6/2018 2:59:09 PM, start fbpagename:Easy123DiningCookingStudio  fbsiteid:165
3/6/2018 2:59:09 PM, 递归次数dg=3
3/6/2018 2:59:09 PM, 递归次数dg=3
3/6/2018 2:59:10 PM, 递归次数dg=3
3/6/2018 2:59:10 PM, 递归次数dg=3
3/6/2018 2:59:10 PM, 递归次数dg=3
3/6/2018 2:59:10 PM, 递归次数dg=3
3/6/2018 2:59:11 PM, 递归次数dg=3
3/6/2018 2:59:11 PM, 递归次数dg=3
3/6/2018 2:59:11 PM, 递归次数dg=3
3/6/2018 2:59:12 PM, 递归次数dg=3
3/6/2018 2:59:12 PM, 递归次数dg=3
3/6/2018 2:59:12 PM, 递归次数dg=3
3/6/2018 2:59:12 PM, 递归次数dg=3
3/6/2018 2:59:13 PM, 递归次数dg=3
3/6/2018 2:59:13 PM, 递归次数dg=3
3/6/2018 2:59:13 PM, 递归次数dg=3
3/6/2018 2:59:14 PM, 递归次数dg=3
3/6/2018 2:59:14 PM, 递归次数dg=3
3/6/2018 2:59:14 PM, 递归次数dg=3
3/6/2018 2:59:15 PM, 递归次数dg=3
3/6/2018 2:59:15 PM, 递归次数dg=3
3/6/2018 2:59:15 PM, 递归次数dg=3
3/6/2018 2:59:16 PM, 递归次数dg=3
3/6/2018 2:59:16 PM, 递归次数dg=3
3/6/2018 2:59:16 PM, 递归次数dg=3
3/6/2018 2:59:16 PM, 递归次数dg=3
3/6/2018 2:59:17 PM, 递归次数dg=3
3/6/2018 2:59:17 PM, 递归次数dg=3
3/6/2018 2:59:18 PM, 递归次数dg=3
3/6/2018 2:59:18 PM, 递归次数dg=3
3/6/2018 2:59:18 PM, 递归次数dg=3
3/6/2018 2:59:18 PM, 递归次数dg=3
3/6/2018 2:59:19 PM, 递归次数dg=3
3/6/2018 2:59:19 PM, 递归次数dg=3
3/6/2018 2:59:19 PM, 递归次数dg=3
3/6/2018 2:59:19 PM, 递归次数dg=3
3/6/2018 2:59:20 PM, 递归次数dg=3
3/6/2018 2:59:20 PM, 递归次数dg=3
3/6/2018 2:59:21 PM, 递归次数dg=3
3/6/2018 2:59:21 PM, 递归次数dg=3
3/6/2018 2:59:21 PM, 递归次数dg=3
3/6/2018 2:59:22 PM, 递归次数dg=3
3/6/2018 2:59:22 PM, 递归次数dg=3
3/6/2018 2:59:22 PM, 递归次数dg=3
3/6/2018 2:59:23 PM, 递归次数dg=3
3/6/2018 2:59:23 PM, 递归次数dg=3
3/6/2018 2:59:23 PM, 递归次数dg=3
3/6/2018 2:59:24 PM, 递归次数dg=3
3/6/2018 2:59:24 PM, 递归次数dg=3
3/6/2018 2:59:24 PM, 递归次数dg=3
3/6/2018 2:59:25 PM, 递归次数dg=3
3/6/2018 2:59:25 PM, 递归次数dg=3
3/6/2018 2:59:25 PM, 递归次数dg=3
3/6/2018 2:59:25 PM, 递归次数dg=3
3/6/2018 2:59:26 PM, 递归次数dg=3
3/6/2018 2:59:26 PM, 递归次数dg=3
3/6/2018 2:59:27 PM, 递归次数dg=3
3/6/2018 2:59:27 PM, 递归次数dg=3
3/6/2018 2:59:27 PM, 递归次数dg=3
3/6/2018 2:59:28 PM, 递归次数dg=3
3/6/2018 2:59:28 PM, 递归次数dg=3
3/6/2018 2:59:29 PM, 递归次数dg=3
3/6/2018 2:59:29 PM, 递归次数dg=3
3/6/2018 2:59:29 PM, 递归次数dg=3
3/6/2018 2:59:30 PM, 递归次数dg=3
3/6/2018 2:59:30 PM, 递归次数dg=3
3/6/2018 2:59:30 PM, 递归次数dg=3
3/6/2018 2:59:30 PM, 递归次数dg=3
3/6/2018 2:59:31 PM, 递归次数dg=3
3/6/2018 2:59:31 PM, 递归次数dg=3
3/6/2018 2:59:31 PM, 递归次数dg=3
3/6/2018 2:59:32 PM, 递归次数dg=3
3/6/2018 2:59:32 PM, 递归次数dg=3
3/6/2018 2:59:32 PM, 递归次数dg=3
3/6/2018 2:59:32 PM, 递归次数dg=3
3/6/2018 2:59:32 PM, 递归次数dg=3
3/6/2018 2:59:33 PM, 递归次数dg=3
3/6/2018 2:59:33 PM, 递归次数dg=3
3/6/2018 2:59:33 PM, 递归次数dg=3
3/6/2018 2:59:33 PM, 递归次数dg=3
3/6/2018 2:59:34 PM, 递归次数dg=3
3/6/2018 2:59:34 PM, 递归次数dg=3
3/6/2018 2:59:34 PM, 递归次数dg=3
3/6/2018 2:59:35 PM, 递归次数dg=3
3/6/2018 2:59:35 PM, 递归次数dg=3
3/6/2018 2:59:35 PM, 递归次数dg=3
3/6/2018 2:59:35 PM, 递归次数dg=3
3/6/2018 2:59:36 PM, 递归次数dg=3
3/6/2018 2:59:36 PM, 递归次数dg=3
3/6/2018 3:14:24 PM, k11 start!
3/6/2018 3:14:24 PM, start fbpagename:eightnhalf  fbsiteid:171
3/6/2018 3:14:24 PM, 递归次数dg=3
3/6/2018 3:14:25 PM, 递归次数dg=3
3/6/2018 3:14:25 PM, 递归次数dg=3
3/6/2018 3:14:25 PM, 递归次数dg=3
3/6/2018 3:14:25 PM, 递归次数dg=3
3/6/2018 3:14:25 PM, 递归次数dg=3
3/6/2018 3:14:26 PM, 递归次数dg=3
3/6/2018 3:14:26 PM, 递归次数dg=3
3/6/2018 3:14:26 PM, 递归次数dg=3
3/6/2018 3:14:27 PM, 递归次数dg=3
3/6/2018 3:14:27 PM, 递归次数dg=3
3/6/2018 3:14:27 PM, 递归次数dg=3
3/6/2018 3:14:27 PM, 递归次数dg=3
3/6/2018 3:14:27 PM, 递归次数dg=3
3/6/2018 3:14:28 PM, 递归次数dg=3
3/6/2018 3:14:28 PM, 递归次数dg=3
3/6/2018 3:14:28 PM, 递归次数dg=3
3/6/2018 3:14:29 PM, 递归次数dg=3
3/6/2018 3:14:29 PM, 递归次数dg=3
3/6/2018 3:14:29 PM, 递归次数dg=3
3/6/2018 3:14:30 PM, 递归次数dg=3
3/6/2018 3:14:30 PM, 递归次数dg=3
3/6/2018 3:14:30 PM, 递归次数dg=3
3/6/2018 3:14:31 PM, 递归次数dg=3
3/6/2018 3:14:31 PM, 递归次数dg=3
3/6/2018 3:14:32 PM, 递归次数dg=3
3/6/2018 3:14:32 PM, 递归次数dg=3
3/6/2018 3:14:33 PM, 递归次数dg=3
3/6/2018 3:14:33 PM, 递归次数dg=3
3/6/2018 3:14:34 PM, 递归次数dg=3
3/6/2018 3:14:34 PM, 递归次数dg=3
3/6/2018 3:14:35 PM, 递归次数dg=3
3/6/2018 3:14:35 PM, 递归次数dg=3
3/6/2018 3:14:35 PM, 递归次数dg=3
3/6/2018 3:14:35 PM, 递归次数dg=3
3/6/2018 3:14:35 PM, 递归次数dg=3
3/6/2018 3:14:36 PM, 递归次数dg=3
3/6/2018 3:14:36 PM, 递归次数dg=3
3/6/2018 3:14:37 PM, 递归次数dg=3
3/6/2018 3:14:37 PM, 递归次数dg=3
3/6/2018 3:14:37 PM, 递归次数dg=3
3/6/2018 3:14:37 PM, 递归次数dg=3
3/6/2018 3:14:38 PM, 递归次数dg=3
3/6/2018 3:14:38 PM, 递归次数dg=3
3/6/2018 3:14:39 PM, 递归次数dg=3
3/6/2018 3:14:39 PM, 递归次数dg=3
3/6/2018 3:14:40 PM, 递归次数dg=3
3/6/2018 3:14:40 PM, 递归次数dg=3
3/6/2018 3:14:40 PM, 递归次数dg=3
3/6/2018 3:14:40 PM, 递归次数dg=3
3/6/2018 3:14:41 PM, 递归次数dg=3
3/6/2018 3:14:41 PM, 递归次数dg=3
3/6/2018 3:14:42 PM, 递归次数dg=3
3/6/2018 3:14:42 PM, 递归次数dg=3
3/6/2018 3:14:43 PM, 递归次数dg=3
3/6/2018 3:14:43 PM, 递归次数dg=3
3/6/2018 3:14:44 PM, 递归次数dg=3
3/6/2018 3:14:44 PM, 递归次数dg=3
3/6/2018 3:14:44 PM, 递归次数dg=3
3/6/2018 3:14:45 PM, 递归次数dg=3
3/6/2018 3:14:45 PM, 递归次数dg=3
3/6/2018 3:14:45 PM, 递归次数dg=3
3/6/2018 3:14:46 PM, 递归次数dg=3
3/6/2018 3:14:46 PM, 递归次数dg=3
3/6/2018 3:14:47 PM, 递归次数dg=3
3/6/2018 3:14:47 PM, 递归次数dg=3
3/6/2018 3:14:47 PM, 递归次数dg=3
3/6/2018 3:14:47 PM, 递归次数dg=3
3/6/2018 3:14:48 PM, 递归次数dg=3
3/6/2018 3:14:48 PM, 递归次数dg=3
3/6/2018 3:14:48 PM, 递归次数dg=3
3/6/2018 3:14:48 PM, 递归次数dg=3
3/6/2018 3:14:48 PM, 递归次数dg=3
3/6/2018 3:14:49 PM, 递归次数dg=3
3/6/2018 3:14:49 PM, 递归次数dg=3
3/6/2018 3:14:49 PM, 递归次数dg=3
3/6/2018 3:14:49 PM, 递归次数dg=3
